Winit

Winit =

     0     0     0     0     0     0     0     0     0     0     0     0     0     0     0     0     0     0     0     0

bias

bias =

     0

WlastA

WlastA =

    -2    -2    -2    -2    -2     2    -2    -2    -2     2    -2    -2    -2     2     2    -2    -2     2     2    -2

blastA

blastA =

    -2

WlastE

WlastE =

     2    14     2     2     2     2     6    -2    -6    -2     6    -2     6     2     2    -2    14    -6   -10     2

blastE

blastE =

   -14

PPT

PPT =

  Columns 1 through 21

    -1    -1    -1    -1    -1     1     1     1     1     1    -1    -1    -1    -1    -1     1     1     1     1     1     1
    -1    -1    -1    -1    -1     1     1     1     1     1    -1    -1    -1    -1    -1     1     1     1     1     1     1
     1     1     1     1     1     1     1     1     1     1    -1    -1    -1    -1    -1     1     1     1     1     1     1
     1     1     1     1     1     1     1     1     1     1    -1    -1    -1    -1    -1     1     1     1     1     1     1
    -1    -1    -1    -1    -1     1     1     1     1     1     1     1     1     1     1     1     1     1     1     1    -1
     1     1     1     1     1    -1    -1    -1    -1    -1    -1    -1    -1    -1    -1    -1    -1    -1    -1    -1    -1
     1     1     1     1     1     1     1     1     1     1    -1    -1    -1    -1    -1    -1    -1    -1    -1    -1    -1
    -1    -1    -1    -1    -1     1     1     1     1     1     1     1     1     1     1     1     1     1     1     1     1
     1     1     1     1     1     1     1     1     1     1     1     1     1     1     1     1     1     1     1     1    -1
    -1    -1    -1    -1    -1    -1    -1    -1    -1    -1     1     1     1     1     1    -1    -1    -1    -1    -1    -1
     1     1     1     1     1     1     1     1     1     1     1     1     1     1     1    -1    -1    -1    -1    -1    -1
    -1    -1    -1    -1    -1     1     1     1     1     1     1     1     1     1     1     1     1     1     1     1     1
    -1    -1    -1    -1    -1     1     1     1     1     1     1     1     1     1     1     1     1     1     1     1    -1
     1     1     1     1     1    -1    -1    -1    -1    -1    -1    -1    -1    -1    -1    -1    -1    -1    -1    -1    -1
     1     1     1     1     1    -1    -1    -1    -1    -1    -1    -1    -1    -1    -1    -1    -1    -1    -1    -1    -1
    -1    -1    -1    -1    -1     1     1     1     1     1     1     1     1     1     1     1     1     1     1     1     1
    -1    -1    -1    -1    -1     1     1     1     1     1    -1    -1    -1    -1    -1     1     1     1     1     1     1
    -1    -1    -1    -1    -1    -1    -1    -1    -1    -1    -1    -1    -1    -1    -1     1     1     1     1     1     1
     1     1     1     1     1    -1    -1    -1    -1    -1    -1    -1    -1    -1    -1     1     1     1     1     1     1
     1     1     1     1     1     1     1     1     1     1    -1    -1    -1    -1    -1     1     1     1     1     1     1

  Columns 22 through 25

     1     1     1     1
     1     1     1     1
     1     1     1     1
     1     1     1     1
    -1    -1    -1    -1
    -1    -1    -1    -1
    -1    -1    -1    -1
     1     1     1     1
    -1    -1    -1    -1
    -1    -1    -1    -1
    -1    -1    -1    -1
     1     1     1     1
    -1    -1    -1    -1
    -1    -1    -1    -1
    -1    -1    -1    -1
     1     1     1     1
     1     1     1     1
     1     1     1     1
     1     1     1     1
     1     1     1     1

TSET1

TSET1 =

  Columns 1 through 21

    -1    -1    -1    -1    -1     1     1     1     1     1    -1    -1    -1    -1    -1     1     1     1     1     1     1
    -1    -1    -1    -1     1     1     1     1     1     1    -1    -1    -1    -1    -1     1     1     1     1     1     1
     1     1     1     1     1     1     1     1     1    -1    -1    -1    -1    -1    -1     1    -1     1     1     1     1
     1     1     1     1     1     1     1     1     1     1    -1    -1    -1    -1    -1     1     1     1     1     1     1
    -1    -1    -1    -1    -1     1     1     1     1     1     1     1     1     1     1     1     1     1     1     1    -1
     1     1     1     1     1    -1    -1    -1    -1    -1    -1    -1    -1     1    -1    -1    -1    -1    -1    -1    -1
     1     1     1     1     1     1     1     1     1     1    -1    -1    -1    -1    -1    -1    -1    -1    -1    -1    -1
    -1    -1    -1     1    -1     1    -1     1     1     1     1     1    -1     1     1     1     1     1     1     1     1
     1     1     1     1     1     1     1     1     1     1     1     1     1     1     1     1     1     1     1     1    -1
    -1    -1    -1    -1    -1    -1    -1    -1    -1    -1     1     1     1     1     1    -1    -1     1    -1    -1    -1
     1     1     1     1     1     1     1     1     1     1     1     1     1     1     1    -1    -1    -1    -1     1    -1
    -1    -1    -1    -1    -1     1     1     1     1     1     1     1     1     1    -1     1     1     1     1     1     1
    -1     1    -1    -1    -1     1     1     1     1     1     1     1     1     1     1     1     1     1     1     1    -1
     1     1     1     1     1    -1    -1    -1    -1    -1    -1    -1    -1    -1    -1    -1    -1    -1    -1    -1    -1
     1     1     1     1     1    -1    -1    -1     1    -1    -1    -1    -1    -1    -1    -1    -1    -1    -1    -1    -1
    -1    -1    -1    -1    -1     1     1     1     1     1     1    -1     1     1     1     1     1     1     1     1     1
    -1    -1    -1    -1    -1     1     1     1     1     1    -1    -1    -1    -1    -1     1     1     1     1     1     1
    -1    -1    -1    -1    -1    -1    -1     1    -1    -1    -1    -1    -1    -1    -1     1     1     1     1     1     1
     1     1    -1     1     1    -1    -1    -1    -1    -1    -1    -1    -1    -1    -1     1     1     1     1     1     1
     1     1     1     1     1     1     1     1     1     1    -1    -1    -1    -1    -1     1     1     1    -1     1     1

  Columns 22 through 25

     1     1     1     1
     1     1     1     1
     1     1     1     1
     1     1    -1     1
    -1    -1    -1    -1
    -1    -1    -1    -1
    -1    -1    -1    -1
     1     1     1     1
    -1    -1    -1    -1
    -1    -1    -1    -1
    -1    -1    -1    -1
     1    -1     1     1
    -1    -1    -1    -1
    -1    -1    -1    -1
    -1    -1    -1    -1
     1     1     1     1
     1     1     1     1
     1     1     1     1
    -1     1     1     1
     1     1     1    -1

TSET2

TSET2 =

  Columns 1 through 21

    -1    -1    -1    -1    -1     1     1     1     1     1    -1    -1    -1    -1    -1     1     1     1     1     1     1
    -1    -1    -1    -1     1     1     1     1     1    -1    -1    -1    -1    -1    -1     1     1     1     1     1     1
     1     1    -1     1     1     1     1     1     1    -1    -1     1    -1    -1    -1     1    -1     1     1     1     1
     1     1     1     1     1     1     1     1     1     1    -1    -1    -1    -1     1     1     1     1     1     1     1
    -1    -1    -1    -1     1     1     1     1     1     1     1     1     1     1     1     1     1     1     1     1    -1
     1     1     1     1     1    -1    -1    -1    -1    -1    -1    -1     1     1    -1    -1    -1    -1    -1    -1    -1
     1     1     1     1     1     1     1     1     1     1    -1    -1    -1    -1    -1    -1    -1    -1    -1    -1    -1
    -1    -1    -1     1    -1     1    -1     1     1     1     1     1    -1     1     1     1     1     1     1    -1     1
     1     1     1     1     1     1     1     1     1     1     1     1     1     1     1     1     1     1     1     1    -1
    -1     1    -1    -1    -1    -1     1    -1    -1    -1     1     1     1     1     1    -1    -1     1    -1    -1    -1
     1     1     1    -1     1     1     1    -1     1     1     1     1     1     1     1    -1    -1    -1    -1     1    -1
    -1    -1    -1    -1    -1     1     1     1     1     1     1     1     1     1    -1     1     1     1     1     1     1
    -1     1    -1    -1    -1     1     1     1     1     1     1     1     1     1     1     1     1     1     1     1    -1
     1     1     1     1     1    -1    -1    -1    -1    -1    -1    -1    -1    -1    -1    -1    -1    -1    -1    -1    -1
     1     1     1     1     1    -1    -1    -1     1    -1    -1    -1    -1     1    -1    -1     1     1    -1    -1    -1
    -1    -1    -1    -1    -1     1     1     1     1     1     1    -1     1     1     1     1     1     1     1     1     1
    -1    -1    -1    -1    -1     1     1     1     1     1    -1    -1    -1    -1    -1     1     1     1    -1     1     1
    -1    -1    -1    -1    -1    -1    -1     1    -1    -1    -1    -1    -1    -1    -1     1     1     1     1     1     1
     1     1    -1     1     1    -1    -1    -1    -1    -1    -1    -1    -1    -1    -1     1     1     1     1     1     1
     1     1     1     1     1     1     1     1    -1     1    -1    -1    -1    -1    -1     1     1     1    -1     1     1

  Columns 22 through 25

     1     1     1     1
     1     1     1     1
     1     1     1    -1
     1     1    -1     1
    -1    -1     1    -1
    -1     1    -1    -1
    -1    -1    -1    -1
     1     1     1     1
    -1    -1    -1    -1
    -1    -1    -1    -1
     1    -1    -1    -1
     1    -1     1     1
    -1    -1    -1    -1
    -1    -1    -1    -1
    -1    -1    -1    -1
     1     1     1     1
     1     1     1     1
     1     1     1     1
    -1     1     1     1
     1     1     1    -1

TSET3

TSET3 =

  Columns 1 through 21

    -1    -1    -1    -1    -1     1     1     1     1     1    -1     1    -1    -1    -1     1     1     1     1     1     1
    -1    -1    -1    -1     1     1     1     1     1    -1    -1    -1     1    -1    -1     1    -1     1     1     1     1
     1     1    -1    -1     1     1     1     1     1     1    -1     1    -1    -1    -1     1    -1     1     1     1     1
     1     1     1     1     1     1     1    -1     1     1    -1    -1    -1    -1     1     1     1     1     1    -1     1
    -1    -1    -1    -1     1     1     1     1     1     1     1     1     1     1    -1     1     1     1     1     1    -1
     1     1     1     1     1    -1    -1    -1    -1    -1    -1    -1     1     1    -1    -1    -1    -1    -1    -1    -1
     1     1     1     1     1     1     1     1     1     1    -1    -1    -1    -1    -1    -1    -1    -1    -1    -1    -1
    -1    -1    -1     1    -1     1    -1     1     1     1     1     1    -1    -1     1     1     1     1     1    -1     1
     1     1     1     1     1     1     1     1     1     1     1     1     1     1     1     1     1     1     1     1    -1
    -1     1    -1    -1    -1    -1     1    -1    -1    -1     1     1     1     1     1    -1    -1     1    -1    -1    -1
     1     1    -1    -1     1     1     1    -1     1     1     1     1     1     1     1    -1    -1    -1     1     1    -1
    -1    -1    -1    -1    -1     1    -1     1     1     1     1     1     1     1    -1     1     1     1     1     1     1
    -1     1    -1    -1    -1     1     1     1     1     1     1     1     1     1     1     1     1     1     1     1    -1
     1     1     1     1     1    -1    -1    -1    -1    -1    -1    -1    -1    -1    -1    -1    -1     1    -1    -1    -1
     1     1     1     1     1    -1    -1    -1     1    -1    -1    -1    -1     1    -1    -1     1     1    -1    -1    -1
    -1    -1    -1    -1    -1     1     1     1     1     1     1    -1     1     1     1     1     1     1     1     1     1
    -1    -1    -1    -1     1     1     1     1     1     1    -1    -1    -1    -1    -1     1     1     1    -1     1     1
    -1     1    -1    -1    -1    -1    -1     1     1    -1    -1    -1    -1    -1    -1     1     1     1     1     1     1
     1     1    -1     1     1    -1    -1    -1    -1    -1    -1    -1    -1    -1    -1     1     1     1     1     1     1
     1     1     1     1     1     1     1     1    -1     1    -1    -1    -1    -1    -1     1     1     1    -1     1     1

  Columns 22 through 25

     1     1     1     1
     1     1     1     1
     1     1     1    -1
     1     1    -1     1
    -1    -1     1    -1
    -1     1    -1    -1
    -1    -1    -1    -1
     1     1     1     1
    -1    -1    -1    -1
     1    -1    -1    -1
     1    -1    -1    -1
     1    -1     1     1
    -1    -1    -1    -1
    -1    -1    -1     1
    -1    -1    -1    -1
     1     1     1     1
     1     1     1     1
     1    -1     1     1
    -1     1     1     1
     1     1    -1    -1

TestTableA1

TestTableA1 =

  26×2 <a href="matlab:helpPopup table" style="font-weight:bold">table</a>

     <strong>TSET1_A</strong>      <strong>Hit_Miss</strong>
    <strong>__________</strong>    <strong>________</strong>

    'p1'            'H'   
    'p2'            'H'   
    'p3'            'H'   
    'p4'            'H'   
    'p5'            'H'   
    'p6'            'H'   
    'p7'            'H'   
    'p8'            'H'   
    'p9'            'H'   
    'p10'           'H'   
    'p11'           'H'   
    'p12'           'H'   
    'p13'           'H'   
    'p14'           'H'   
    'p15'           'H'   
    'p16'           'H'   
    'p17'           'H'   
    'p18'           'H'   
    'p19'           'H'   
    'p20'           'H'   
    'p21'           'H'   
    'p22'           'H'   
    'p23'           'H'   
    'p24'           'H'   
    'p25'           'H'   
    'HitRatio'      [1]   

TestTableA2

TestTableA2 =

  26×2 <a href="matlab:helpPopup table" style="font-weight:bold">table</a>

     <strong>TSET2_A</strong>      <strong>Hit_Miss</strong>
    <strong>__________</strong>    <strong>________</strong>

    'p1'          'H'     
    'p2'          'H'     
    'p3'          'H'     
    'p4'          'H'     
    'p5'          'M'     
    'p6'          'H'     
    'p7'          'H'     
    'p8'          'H'     
    'p9'          'H'     
    'p10'         'H'     
    'p11'         'H'     
    'p12'         'H'     
    'p13'         'H'     
    'p14'         'H'     
    'p15'         'H'     
    'p16'         'H'     
    'p17'         'H'     
    'p18'         'H'     
    'p19'         'H'     
    'p20'         'H'     
    'p21'         'H'     
    'p22'         'H'     
    'p23'         'H'     
    'p24'         'H'     
    'p25'         'H'     
    'HitRatio'    [0.9600]

TestTableA3

TestTableA3 =

  26×2 <a href="matlab:helpPopup table" style="font-weight:bold">table</a>

     <strong>TSET3_A</strong>      <strong>Hit_Miss</strong>
    <strong>__________</strong>    <strong>________</strong>

    'p1'          'H'     
    'p2'          'H'     
    'p3'          'H'     
    'p4'          'H'     
    'p5'          'M'     
    'p6'          'H'     
    'p7'          'H'     
    'p8'          'H'     
    'p9'          'H'     
    'p10'         'H'     
    'p11'         'H'     
    'p12'         'H'     
    'p13'         'H'     
    'p14'         'M'     
    'p15'         'H'     
    'p16'         'H'     
    'p17'         'H'     
    'p18'         'H'     
    'p19'         'H'     
    'p20'         'H'     
    'p21'         'H'     
    'p22'         'H'     
    'p23'         'H'     
    'p24'         'H'     
    'p25'         'H'     
    'HitRatio'    [0.9200]

TestTableE1

TestTableE1 =

  26×2 <a href="matlab:helpPopup table" style="font-weight:bold">table</a>

    <strong>TSET1E_table</strong>    <strong>Hit_Miss</strong>
    <strong>____________</strong>    <strong>________</strong>

     'p1'           'H'     
     'p2'           'H'     
     'p3'           'H'     
     'p4'           'H'     
     'p5'           'H'     
     'p6'           'H'     
     'p7'           'H'     
     'p8'           'H'     
     'p9'           'H'     
     'p10'          'H'     
     'p11'          'H'     
     'p12'          'H'     
     'p13'          'H'     
     'p14'          'H'     
     'p15'          'H'     
     'p16'          'H'     
     'p17'          'H'     
     'p18'          'H'     
     'p19'          'H'     
     'p20'          'H'     
     'p21'          'H'     
     'p22'          'M'     
     'p23'          'H'     
     'p24'          'H'     
     'p25'          'H'     
     'HitRatio'     [0.9600]

TestTableE2

TestTableE2 =

  26×2 <a href="matlab:helpPopup table" style="font-weight:bold">table</a>

    <strong>TSET2E_table</strong>    <strong>Hit_Miss</strong>
    <strong>____________</strong>    <strong>________</strong>

     'p1'           'H'     
     'p2'           'H'     
     'p3'           'H'     
     'p4'           'H'     
     'p5'           'M'     
     'p6'           'H'     
     'p7'           'H'     
     'p8'           'H'     
     'p9'           'H'     
     'p10'          'H'     
     'p11'          'H'     
     'p12'          'H'     
     'p13'          'H'     
     'p14'          'H'     
     'p15'          'H'     
     'p16'          'H'     
     'p17'          'H'     
     'p18'          'H'     
     'p19'          'H'     
     'p20'          'M'     
     'p21'          'H'     
     'p22'          'M'     
     'p23'          'H'     
     'p24'          'H'     
     'p25'          'H'     
     'HitRatio'     [0.8800]

TestTableE3

TestTableE3 =

  26×2 <a href="matlab:helpPopup table" style="font-weight:bold">table</a>

    <strong>TSET3E_table</strong>    <strong>Hit_Miss</strong>
    <strong>____________</strong>    <strong>________</strong>

     'p1'           'H'     
     'p2'           'H'     
     'p3'           'H'     
     'p4'           'H'     
     'p5'           'M'     
     'p6'           'H'     
     'p7'           'H'     
     'p8'           'H'     
     'p9'           'H'     
     'p10'          'H'     
     'p11'          'H'     
     'p12'          'H'     
     'p13'          'H'     
     'p14'          'H'     
     'p15'          'H'     
     'p16'          'H'     
     'p17'          'H'     
     'p18'          'H'     
     'p19'          'H'     
     'p20'          'H'     
     'p21'          'H'     
     'p22'          'M'     
     'p23'          'M'     
     'p24'          'H'     
     'p25'          'H'     
     'HitRatio'     [0.8800]

HebW

HebW =

     3     3     1     1    -1    -1    -3     1    -3    -1    -5     1    -1    -1    -1     1     3     5     3     1
    -1    -1    -3    -3     3    -1     1     1     1     3     3     1     3    -1    -1     1    -1    -3    -5    -3
    -3    -3    -1    -1    -3     1    -1    -1    -1     1     1    -1    -3     1     1    -1    -3    -1     1    -1

THeb

THeb =

    -1    -1    -1     1     1
    -1     1     1    -1    -1
     1    -1     1    -1     1

HebTable1

HebTable1 =

  26×4 <a href="matlab:helpPopup table" style="font-weight:bold">table</a>

     <strong>TestSet1</strong>         <strong>Targets</strong>        <strong>Hamming_Distance</strong>    <strong>Hit_Miss</strong>
    <strong>___________</strong>    <strong>______________</strong>    <strong>________________</strong>    <strong>________</strong>

    'p1'           -1    -1     1           0            'H'     
    'p2'           -1    -1     1           0            'H'     
    'p3'           -1    -1     1           0            'H'     
    'p4'           -1    -1     1           0            'H'     
    'p5'           -1    -1     1           0            'H'     
    'p6'           -1     1    -1           0            'H'     
    'p7'           -1     1    -1           0            'H'     
    'p8'            1     1    -1           1            'M'     
    'p9'           -1     1    -1           0            'H'     
    'p10'          -1     1    -1           0            'H'     
    'p11'          -1     1     1           0            'H'     
    'p12'          -1     1     1           0            'H'     
    'p13'          -1     1     1           0            'H'     
    'p14'          -1     1     1           0            'H'     
    'p15'          -1     1     1           0            'H'     
    'p16'           1    -1    -1           0            'H'     
    'p17'           1    -1    -1           0            'H'     
    'p18'           1    -1    -1           0            'H'     
    'p19'           1    -1    -1           0            'H'     
    'p20'           1    -1    -1           0            'H'     
    'p21'           1    -1    -1           1            'M'     
    'p22'           1    -1    -1           1            'M'     
    'p23'           1    -1    -1           1            'M'     
    'p24'           1    -1    -1           1            'M'     
    'p25'           1    -1    -1           1            'M'     
    'Hit_Ratio'     0     0     0           0            [0.7600]

HebTable2

HebTable2 =

  26×4 <a href="matlab:helpPopup table" style="font-weight:bold">table</a>

     <strong>TestSet1</strong>         <strong>Targets</strong>        <strong>Hamming_Distance</strong>    <strong>Hit_Miss</strong>
    <strong>___________</strong>    <strong>______________</strong>    <strong>________________</strong>    <strong>________</strong>

    'p1'           -1    -1     1           0            'H'     
    'p2'           -1    -1     1           0            'H'     
    'p3'           -1    -1     1           0            'H'     
    'p4'           -1    -1     1           0            'H'     
    'p5'           -1    -1     1           0            'H'     
    'p6'           -1     1    -1           0            'H'     
    'p7'           -1     1    -1           0            'H'     
    'p8'            1    -1    -1           2            'M'     
    'p9'           -1     1    -1           0            'H'     
    'p10'          -1     1    -1           0            'H'     
    'p11'          -1     1     1           0            'H'     
    'p12'          -1     1     1           0            'H'     
    'p13'          -1     1     1           0            'H'     
    'p14'          -1     1     1           0            'H'     
    'p15'          -1     1     1           0            'H'     
    'p16'           1    -1    -1           0            'H'     
    'p17'           1    -1    -1           0            'H'     
    'p18'           1    -1    -1           0            'H'     
    'p19'           1    -1    -1           0            'H'     
    'p20'           1    -1    -1           0            'H'     
    'p21'           1    -1    -1           1            'M'     
    'p22'           1    -1    -1           1            'M'     
    'p23'           1    -1    -1           1            'M'     
    'p24'           1    -1    -1           1            'M'     
    'p25'           1    -1    -1           1            'M'     
    'Hit_Ratio'     0     0     0           0            [0.7600]

HebTable3

HebTable3 =

  26×4 <a href="matlab:helpPopup table" style="font-weight:bold">table</a>

     <strong>TestSet1</strong>         <strong>Targets</strong>        <strong>Hamming_Distance</strong>    <strong>Hit_Miss</strong>
    <strong>___________</strong>    <strong>______________</strong>    <strong>________________</strong>    <strong>________</strong>

    'p1'           -1    -1     1           0            'H'     
    'p2'           -1    -1     1           0            'H'     
    'p3'           -1    -1     1           0            'H'     
    'p4'           -1    -1     1           0            'H'     
    'p5'           -1    -1     1           0            'H'     
    'p6'           -1     1    -1           0            'H'     
    'p7'           -1     1    -1           0            'H'     
    'p8'            1     1    -1           1            'M'     
    'p9'            1     1    -1           1            'M'     
    'p10'          -1     1    -1           0            'H'     
    'p11'          -1     1     1           0            'H'     
    'p12'          -1     1    -1           1            'M'     
    'p13'          -1     1     1           0            'H'     
    'p14'          -1     1     1           0            'H'     
    'p15'          -1     1     1           0            'H'     
    'p16'           1    -1    -1           0            'H'     
    'p17'           1    -1    -1           0            'H'     
    'p18'           1    -1    -1           0            'H'     
    'p19'           1     1    -1           1            'M'     
    'p20'           1    -1    -1           0            'H'     
    'p21'           1    -1    -1           1            'M'     
    'p22'           1    -1    -1           1            'M'     
    'p23'           1    -1    -1           1            'M'     
    'p24'           1    -1    -1           1            'M'     
    'p25'           1    -1    -1           1            'M'     
    'Hit_Ratio'     0     0     0           0            [0.6400]

PseudoTable1

PseudoTable1 =

  26×4 <a href="matlab:helpPopup table" style="font-weight:bold">table</a>

     <strong>TestSet1</strong>         <strong>Targets</strong>        <strong>Hamming_Distance</strong>    <strong>Hit_Miss</strong>
    <strong>___________</strong>    <strong>______________</strong>    <strong>________________</strong>    <strong>________</strong>

    'p1'           -1    -1     1           0              'H'   
    'p2'           -1    -1     1           0              'H'   
    'p3'           -1    -1     1           0              'H'   
    'p4'           -1    -1     1           0              'H'   
    'p5'           -1    -1     1           0              'H'   
    'p6'           -1     1    -1           0              'H'   
    'p7'           -1     1    -1           0              'H'   
    'p8'           -1     1    -1           0              'H'   
    'p9'           -1     1    -1           0              'H'   
    'p10'          -1     1    -1           0              'H'   
    'p11'          -1     1     1           0              'H'   
    'p12'          -1     1     1           0              'H'   
    'p13'          -1     1     1           0              'H'   
    'p14'          -1     1     1           0              'H'   
    'p15'          -1     1     1           0              'H'   
    'p16'           1    -1    -1           0              'H'   
    'p17'           1    -1    -1           0              'H'   
    'p18'           1    -1    -1           0              'H'   
    'p19'           1    -1    -1           0              'H'   
    'p20'           1    -1    -1           0              'H'   
    'p21'           1    -1     1           0              'H'   
    'p22'           1    -1     1           0              'H'   
    'p23'           1    -1     1           0              'H'   
    'p24'           1    -1     1           0              'H'   
    'p25'           1    -1     1           0              'H'   
    'Hit_Ratio'     0     0     0           0              [1]   

PseudoTable2

PseudoTable2 =

  26×4 <a href="matlab:helpPopup table" style="font-weight:bold">table</a>

     <strong>TestSet1</strong>         <strong>Targets</strong>        <strong>Hamming_Distance</strong>    <strong>Hit_Miss</strong>
    <strong>___________</strong>    <strong>______________</strong>    <strong>________________</strong>    <strong>________</strong>

    'p1'           -1    -1     1           0            'H'     
    'p2'           -1    -1     1           0            'H'     
    'p3'           -1     1     1           1            'M'     
    'p4'           -1    -1     1           0            'H'     
    'p5'           -1    -1    -1           1            'M'     
    'p6'           -1     1    -1           0            'H'     
    'p7'           -1     1    -1           0            'H'     
    'p8'            1     1    -1           1            'M'     
    'p9'           -1     1    -1           0            'H'     
    'p10'          -1     1    -1           0            'H'     
    'p11'          -1     1     1           0            'H'     
    'p12'          -1     1     1           0            'H'     
    'p13'          -1     1     1           0            'H'     
    'p14'          -1     1     1           0            'H'     
    'p15'          -1     1     1           0            'H'     
    'p16'           1    -1    -1           0            'H'     
    'p17'           1    -1    -1           0            'H'     
    'p18'           1    -1    -1           0            'H'     
    'p19'           1    -1    -1           0            'H'     
    'p20'           1    -1    -1           0            'H'     
    'p21'           1    -1     1           0            'H'     
    'p22'          -1     1     1           2            'M'     
    'p23'           1    -1     1           0            'H'     
    'p24'           1    -1     1           0            'H'     
    'p25'           1    -1     1           0            'H'     
    'Hit_Ratio'     0     0     0           0            [0.8400]

PseudoTable3

PseudoTable3 =

  26×4 <a href="matlab:helpPopup table" style="font-weight:bold">table</a>

     <strong>TestSet1</strong>         <strong>Targets</strong>        <strong>Hamming_Distance</strong>    <strong>Hit_Miss</strong>
    <strong>___________</strong>    <strong>______________</strong>    <strong>________________</strong>    <strong>________</strong>

    'p1'           -1    -1     1           0            'H'     
    'p2'           -1    -1    -1           1            'M'     
    'p3'           -1    -1     1           0            'H'     
    'p4'           -1    -1     1           0            'H'     
    'p5'           -1    -1    -1           1            'M'     
    'p6'           -1     1    -1           0            'H'     
    'p7'           -1     1    -1           0            'H'     
    'p8'            1     1    -1           1            'M'     
    'p9'           -1     1    -1           0            'H'     
    'p10'          -1     1    -1           0            'H'     
    'p11'          -1     1     1           0            'H'     
    'p12'          -1     1     1           0            'H'     
    'p13'          -1     1    -1           1            'M'     
    'p14'          -1     1     1           0            'H'     
    'p15'          -1     1     1           0            'H'     
    'p16'           1    -1    -1           0            'H'     
    'p17'           1    -1    -1           0            'H'     
    'p18'           1    -1    -1           0            'H'     
    'p19'           1    -1    -1           0            'H'     
    'p20'           1    -1    -1           0            'H'     
    'p21'           1    -1     1           0            'H'     
    'p22'           1     1     1           1            'M'     
    'p23'           1    -1     1           0            'H'     
    'p24'           1    -1     1           0            'H'     
    'p25'           1    -1     1           0            'H'     
    'Hit_Ratio'     0     0     0           0            [0.8000]

PPHeb

PPHeb =

    -1     1    -1     1     1
    -1     1    -1     1     1
     1     1    -1     1     1
     1     1    -1     1     1
    -1     1     1     1    -1
     1    -1    -1    -1    -1
     1     1    -1    -1    -1
    -1     1     1     1     1
     1     1     1     1    -1
    -1    -1     1    -1    -1
     1     1     1    -1    -1
    -1     1     1     1     1
    -1     1     1     1    -1
     1    -1    -1    -1    -1
     1    -1    -1    -1    -1
    -1     1     1     1     1
    -1     1    -1     1     1
    -1    -1    -1     1     1
     1    -1    -1     1     1
     1     1    -1     1     1

WW

WW =

  Columns 1 through 13

    0.0972    0.0972   -0.0266   -0.0266    0.0413    0.0308   -0.1850   -0.0308   -0.0825    0.0266   -0.3130   -0.0308    0.0413
    0.0815    0.0815   -0.1191   -0.1191    0.0669   -0.0387    0.2320    0.0387   -0.1338    0.1191    0.1891    0.0387    0.0669
   -0.2696   -0.2696    0.0094    0.0094   -0.4263   -0.1285   -0.2288    0.1285   -0.1473   -0.0094    0.1693    0.1285   -0.4263

  Columns 14 through 20

    0.0308    0.0308   -0.0308    0.0972    0.3130    0.1891   -0.0266
   -0.0387   -0.0387    0.0387    0.0815   -0.1891   -0.3898   -0.1191
   -0.1285   -0.1285    0.1285   -0.2696   -0.1693    0.1097    0.0094

diary off
